<?xml version="1.0" encoding="UTF-8"?>
<!-- Generated by org.testng.reporters.JUnitReportReporter -->
<testsuite hostname="DESKTOP-08MK2PB" failures="0" tests="4" name="Tests.TestSortProduct" time="6.734" errors="0" timestamp="2022-02-04T21:58:49 CET" skipped="0">
  <testcase classname="Tests.TestSortProduct" name="sortByPriceHiLo" time="2.329"/>
  <system-out/>
  <testcase classname="Tests.TestSortProduct" name="sortByNameAZ" time="1.619"/>
  <system-out/>
  <testcase classname="Tests.TestSortProduct" name="sortByNameZA" time="1.511"/>
  <system-out/>
  <testcase classname="Tests.TestSortProduct" name="sortByPriceLoHi" time="1.275"/>
  <system-out/>
</testsuite> <!-- Tests.TestSortProduct -->
