<?xml version="1.0" encoding="UTF-8"?>
<!-- Generated by org.testng.reporters.JUnitReportReporter -->
<testsuite hostname="DESKTOP-08MK2PB" failures="0" tests="4" name="Tests.TestLogInPage" time="5.366" errors="0" timestamp="2022-02-04T21:58:49 CET" skipped="0">
  <testcase classname="Tests.TestLogInPage" name="logInUnhappyPathWrongPassword" time="0.893"/>
  <system-out/>
  <testcase classname="Tests.TestLogInPage" name="logInUnhappyPathWrongUsername" time="1.554"/>
  <system-out/>
  <testcase classname="Tests.TestLogInPage" name="logInButtonColor" time="0.501"/>
  <system-out/>
  <testcase classname="Tests.TestLogInPage" name="logInHappyPath" time="2.418"/>
  <system-out/>
</testsuite> <!-- Tests.TestLogInPage -->
