<?xml version="1.0" encoding="UTF-8"?>
<!-- Generated by org.testng.reporters.JUnitReportReporter -->
<testsuite hostname="DESKTOP-08MK2PB" failures="0" tests="4" name="Tests.TestOrderProduct" time="19.392" errors="0" timestamp="2022-02-04T21:58:49 CET" skipped="0">
  <testcase classname="Tests.TestOrderProduct" name="orderOneProduct" time="2.868"/>
  <system-out/>
  <testcase classname="Tests.TestOrderProduct" name="orderTwoProduct" time="2.394"/>
  <system-out/>
  <testcase classname="Tests.TestOrderProduct" name="removeAllProductsFromCart" time="11.590"/>
  <system-out/>
  <testcase classname="Tests.TestOrderProduct" name="continueShopping" time="2.540"/>
  <system-out/>
</testsuite> <!-- Tests.TestOrderProduct -->
