<?xml version="1.0" encoding="UTF-8"?>
<!-- Generated by org.testng.reporters.JUnitReportReporter -->
<testsuite hostname="DESKTOP-08MK2PB" failures="0" tests="4" name="Tests.TestSortProduct" time="5.216" errors="0" timestamp="2022-02-02T11:07:31 CET" skipped="0">
  <testcase classname="Tests.TestSortProduct" name="sortByPriceHiLo" time="1.481"/>
  <system-out/>
  <testcase classname="Tests.TestSortProduct" name="sortByPriceLoHi" time="1.028"/>
  <system-out/>
  <testcase classname="Tests.TestSortProduct" name="sortByNameAZ" time="1.507"/>
  <system-out/>
  <testcase classname="Tests.TestSortProduct" name="sortByNameZA" time="1.200"/>
  <system-out/>
</testsuite> <!-- Tests.TestSortProduct -->
