<?xml version="1.0" encoding="UTF-8"?>
<!-- Generated by org.testng.reporters.JUnitReportReporter -->
<testsuite hostname="DESKTOP-08MK2PB" failures="0" tests="3" name="Tests.TestSocialButton" time="13.941" errors="0" timestamp="2022-02-04T21:58:49 CET" skipped="0">
  <testcase classname="Tests.TestSocialButton" name="twitterButton" time="5.502"/>
  <system-out/>
  <testcase classname="Tests.TestSocialButton" name="facebookButton" time="3.812"/>
  <system-out/>
  <testcase classname="Tests.TestSocialButton" name="linkedInButton" time="4.627"/>
  <system-out/>
</testsuite> <!-- Tests.TestSocialButton -->
